Performing C++ SOURCE FILE Test COMPILER_SUPPORT_Wshorten64to32 failed with the following output:
Change Dir: /home/huanhuan/SchurVINS-ws/src/eigen-3.3.9/build/CMakeFiles/CMakeTmp

Run Build Command(s):/usr/bin/make cmTC_14506/fast && /usr/bin/make -f CMakeFiles/cmTC_14506.dir/build.make CMakeFiles/cmTC_14506.dir/build
make[1]: Entering directory '/home/huanhuan/SchurVINS-ws/src/eigen-3.3.9/build/CMakeFiles/CMakeTmp'
Building CXX object CMakeFiles/cmTC_14506.dir/src.cxx.o
/usr/bin/c++    -std=c++03 -pedantic -Wall -Wextra -Wundef -Wcast-align -Wchar-subscripts -Wnon-virtual-dtor -Wunused-local-typedefs -Wpointer-arith -Wwrite-strings -Wformat-security -DCOMPILER_SUPPORT_Wshorten64to32 -Werror   -Wshorten-64-to-32 -o CMakeFiles/cmTC_14506.dir/src.cxx.o -c /home/huanhuan/SchurVINS-ws/src/eigen-3.3.9/build/CMakeFiles/CMakeTmp/src.cxx
c++: error: unrecognized command line option '-Wshorten-64-to-32'
make[1]: *** [CMakeFiles/cmTC_14506.dir/build.make:66: CMakeFiles/cmTC_14506.dir/src.cxx.o] Error 1
make[1]: Leaving directory '/home/huanhuan/SchurVINS-ws/src/eigen-3.3.9/build/CMakeFiles/CMakeTmp'
make: *** [Makefile:121: cmTC_14506/fast] Error 2


Source file was:
int main() { return 0; }
Performing C++ SOURCE FILE Test COMPILER_SUPPORT_Wenumconversion failed with the following output:
Change Dir: /home/huanhuan/SchurVINS-ws/src/eigen-3.3.9/build/CMakeFiles/CMakeTmp

Run Build Command(s):/usr/bin/make cmTC_6074b/fast && /usr/bin/make -f CMakeFiles/cmTC_6074b.dir/build.make CMakeFiles/cmTC_6074b.dir/build
make[1]: Entering directory '/home/huanhuan/SchurVINS-ws/src/eigen-3.3.9/build/CMakeFiles/CMakeTmp'
Building CXX object CMakeFiles/cmTC_6074b.dir/src.cxx.o
/usr/bin/c++    -std=c++03 -pedantic -Wall -Wextra -Wundef -Wcast-align -Wchar-subscripts -Wnon-virtual-dtor -Wunused-local-typedefs -Wpointer-arith -Wwrite-strings -Wformat-security -Wlogical-op -DCOMPILER_SUPPORT_Wenumconversion -Werror   -Wenum-conversion -o CMakeFiles/cmTC_6074b.dir/src.cxx.o -c /home/huanhuan/SchurVINS-ws/src/eigen-3.3.9/build/CMakeFiles/CMakeTmp/src.cxx
c++: error: unrecognized command line option '-Wenum-conversion'; did you mean '-Wno-conversion'?
make[1]: *** [CMakeFiles/cmTC_6074b.dir/build.make:66: CMakeFiles/cmTC_6074b.dir/src.cxx.o] Error 1
make[1]: Leaving directory '/home/huanhuan/SchurVINS-ws/src/eigen-3.3.9/build/CMakeFiles/CMakeTmp'
make: *** [Makefile:121: cmTC_6074b/fast] Error 2


Source file was:
int main() { return 0; }
Performing C++ SOURCE FILE Test COMPILER_SUPPORT_Wcpp11extensions failed with the following output:
Change Dir: /home/huanhuan/SchurVINS-ws/src/eigen-3.3.9/build/CMakeFiles/CMakeTmp

Run Build Command(s):/usr/bin/make cmTC_2c26e/fast && /usr/bin/make -f CMakeFiles/cmTC_2c26e.dir/build.make CMakeFiles/cmTC_2c26e.dir/build
make[1]: Entering directory '/home/huanhuan/SchurVINS-ws/src/eigen-3.3.9/build/CMakeFiles/CMakeTmp'
Building CXX object CMakeFiles/cmTC_2c26e.dir/src.cxx.o
/usr/bin/c++    -std=c++03 -pedantic -Wall -Wextra -Wundef -Wcast-align -Wchar-subscripts -Wnon-virtual-dtor -Wunused-local-typedefs -Wpointer-arith -Wwrite-strings -Wformat-security -Wlogical-op -DCOMPILER_SUPPORT_Wcpp11extensions -Werror   -Wc++11-extensions -o CMakeFiles/cmTC_2c26e.dir/src.cxx.o -c /home/huanhuan/SchurVINS-ws/src/eigen-3.3.9/build/CMakeFiles/CMakeTmp/src.cxx
c++: error: unrecognized command line option '-Wc++11-extensions'; did you mean '-fms-extensions'?
make[1]: *** [CMakeFiles/cmTC_2c26e.dir/build.make:66: CMakeFiles/cmTC_2c26e.dir/src.cxx.o] Error 1
make[1]: Leaving directory '/home/huanhuan/SchurVINS-ws/src/eigen-3.3.9/build/CMakeFiles/CMakeTmp'
make: *** [Makefile:121: cmTC_2c26e/fast] Error 2


Source file was:
int main() { return 0; }
Performing C++ SOURCE FILE Test COMPILER_SUPPORT_wd981 failed with the following output:
Change Dir: /home/huanhuan/SchurVINS-ws/src/eigen-3.3.9/build/CMakeFiles/CMakeTmp

Run Build Command(s):/usr/bin/make cmTC_95fd3/fast && /usr/bin/make -f CMakeFiles/cmTC_95fd3.dir/build.make CMakeFiles/cmTC_95fd3.dir/build
make[1]: Entering directory '/home/huanhuan/SchurVINS-ws/src/eigen-3.3.9/build/CMakeFiles/CMakeTmp'
Building CXX object CMakeFiles/cmTC_95fd3.dir/src.cxx.o
/usr/bin/c++    -std=c++03 -pedantic -Wall -Wextra -Wundef -Wcast-align -Wchar-subscripts -Wnon-virtual-dtor -Wunused-local-typedefs -Wpointer-arith -Wwrite-strings -Wformat-security -Wlogical-op -Wdouble-promotion -Wno-psabi -Wno-variadic-macros -Wno-long-long -fno-check-new -fno-common -fstrict-aliasing -DCOMPILER_SUPPORT_wd981 -Werror   -wd981 -o CMakeFiles/cmTC_95fd3.dir/src.cxx.o -c /home/huanhuan/SchurVINS-ws/src/eigen-3.3.9/build/CMakeFiles/CMakeTmp/src.cxx
c++: error: unrecognized command line option '-wd981'
make[1]: *** [CMakeFiles/cmTC_95fd3.dir/build.make:66: CMakeFiles/cmTC_95fd3.dir/src.cxx.o] Error 1
make[1]: Leaving directory '/home/huanhuan/SchurVINS-ws/src/eigen-3.3.9/build/CMakeFiles/CMakeTmp'
make: *** [Makefile:121: cmTC_95fd3/fast] Error 2


Source file was:
int main() { return 0; }
Performing C++ SOURCE FILE Test COMPILER_SUPPORT_wd2304 failed with the following output:
Change Dir: /home/huanhuan/SchurVINS-ws/src/eigen-3.3.9/build/CMakeFiles/CMakeTmp

Run Build Command(s):/usr/bin/make cmTC_deeb2/fast && /usr/bin/make -f CMakeFiles/cmTC_deeb2.dir/build.make CMakeFiles/cmTC_deeb2.dir/build
make[1]: Entering directory '/home/huanhuan/SchurVINS-ws/src/eigen-3.3.9/build/CMakeFiles/CMakeTmp'
Building CXX object CMakeFiles/cmTC_deeb2.dir/src.cxx.o
/usr/bin/c++    -std=c++03 -pedantic -Wall -Wextra -Wundef -Wcast-align -Wchar-subscripts -Wnon-virtual-dtor -Wunused-local-typedefs -Wpointer-arith -Wwrite-strings -Wformat-security -Wlogical-op -Wdouble-promotion -Wno-psabi -Wno-variadic-macros -Wno-long-long -fno-check-new -fno-common -fstrict-aliasing -DCOMPILER_SUPPORT_wd2304 -Werror   -wd2304 -o CMakeFiles/cmTC_deeb2.dir/src.cxx.o -c /home/huanhuan/SchurVINS-ws/src/eigen-3.3.9/build/CMakeFiles/CMakeTmp/src.cxx
c++: error: unrecognized command line option '-wd2304'
make[1]: *** [CMakeFiles/cmTC_deeb2.dir/build.make:66: CMakeFiles/cmTC_deeb2.dir/src.cxx.o] Error 1
make[1]: Leaving directory '/home/huanhuan/SchurVINS-ws/src/eigen-3.3.9/build/CMakeFiles/CMakeTmp'
make: *** [Makefile:121: cmTC_deeb2/fast] Error 2


Source file was:
int main() { return 0; }
Performing C++ SOURCE FILE Test COMPILER_SUPPORT_STRICTANSI failed with the following output:
Change Dir: /home/huanhuan/SchurVINS-ws/src/eigen-3.3.9/build/CMakeFiles/CMakeTmp

Run Build Command(s):/usr/bin/make cmTC_e7e70/fast && /usr/bin/make -f CMakeFiles/cmTC_e7e70.dir/build.make CMakeFiles/cmTC_e7e70.dir/build
make[1]: Entering directory '/home/huanhuan/SchurVINS-ws/src/eigen-3.3.9/build/CMakeFiles/CMakeTmp'
Building CXX object CMakeFiles/cmTC_e7e70.dir/src.cxx.o
/usr/bin/c++    -std=c++03 -pedantic -Wall -Wextra -Wundef -Wcast-align -Wchar-subscripts -Wnon-virtual-dtor -Wunused-local-typedefs -Wpointer-arith -Wwrite-strings -Wformat-security -Wlogical-op -Wdouble-promotion -Wno-psabi -Wno-variadic-macros -Wno-long-long -fno-check-new -fno-common -fstrict-aliasing -DCOMPILER_SUPPORT_STRICTANSI -Werror   -strict-ansi -o CMakeFiles/cmTC_e7e70.dir/src.cxx.o -c /home/huanhuan/SchurVINS-ws/src/eigen-3.3.9/build/CMakeFiles/CMakeTmp/src.cxx
c++: error: unrecognized command line option '-strict-ansi'; did you mean '-fstrict-enums'?
make[1]: *** [CMakeFiles/cmTC_e7e70.dir/build.make:66: CMakeFiles/cmTC_e7e70.dir/src.cxx.o] Error 1
make[1]: Leaving directory '/home/huanhuan/SchurVINS-ws/src/eigen-3.3.9/build/CMakeFiles/CMakeTmp'
make: *** [Makefile:121: cmTC_e7e70/fast] Error 2


Source file was:
int main() { return 0; }
Performing C++ SOURCE FILE Test COMPILER_SUPPORT_Qunusedarguments failed with the following output:
Change Dir: /home/huanhuan/SchurVINS-ws/src/eigen-3.3.9/build/CMakeFiles/CMakeTmp

Run Build Command(s):/usr/bin/make cmTC_b7a0a/fast && /usr/bin/make -f CMakeFiles/cmTC_b7a0a.dir/build.make CMakeFiles/cmTC_b7a0a.dir/build
make[1]: Entering directory '/home/huanhuan/SchurVINS-ws/src/eigen-3.3.9/build/CMakeFiles/CMakeTmp'
Building CXX object CMakeFiles/cmTC_b7a0a.dir/src.cxx.o
/usr/bin/c++    -std=c++03 -pedantic -Wall -Wextra -Wundef -Wcast-align -Wchar-subscripts -Wnon-virtual-dtor -Wunused-local-typedefs -Wpointer-arith -Wwrite-strings -Wformat-security -Wlogical-op -Wdouble-promotion -Wno-psabi -Wno-variadic-macros -Wno-long-long -fno-check-new -fno-common -fstrict-aliasing -DCOMPILER_SUPPORT_Qunusedarguments -Werror   -Qunused-arguments -o CMakeFiles/cmTC_b7a0a.dir/src.cxx.o -c /home/huanhuan/SchurVINS-ws/src/eigen-3.3.9/build/CMakeFiles/CMakeTmp/src.cxx
c++: error: unrecognized command line option '-Qunused-arguments'
make[1]: *** [CMakeFiles/cmTC_b7a0a.dir/build.make:66: CMakeFiles/cmTC_b7a0a.dir/src.cxx.o] Error 1
make[1]: Leaving directory '/home/huanhuan/SchurVINS-ws/src/eigen-3.3.9/build/CMakeFiles/CMakeTmp'
make: *** [Makefile:121: cmTC_b7a0a/fast] Error 2


Source file was:
int main() { return 0; }
Performing C SOURCE FILE Test CMAKE_HAVE_LIBC_PTHREAD failed with the following output:
Change Dir: /home/huanhuan/SchurVINS-ws/src/eigen-3.3.9/build/CMakeFiles/CMakeTmp

Run Build Command(s):/usr/bin/make cmTC_7eb2d/fast && /usr/bin/make -f CMakeFiles/cmTC_7eb2d.dir/build.make CMakeFiles/cmTC_7eb2d.dir/build
make[1]: 进入目录“/home/huanhuan/SchurVINS-ws/src/eigen-3.3.9/build/CMakeFiles/CMakeTmp”
Building C object CMakeFiles/cmTC_7eb2d.dir/src.c.o
/usr/bin/cc   -DCMAKE_HAVE_LIBC_PTHREAD   -o CMakeFiles/cmTC_7eb2d.dir/src.c.o   -c /home/huanhuan/SchurVINS-ws/src/eigen-3.3.9/build/CMakeFiles/CMakeTmp/src.c
Linking C executable cmTC_7eb2d
/usr/bin/cmake -E cmake_link_script CMakeFiles/cmTC_7eb2d.dir/link.txt --verbose=1
/usr/bin/cc  -DCMAKE_HAVE_LIBC_PTHREAD    -rdynamic CMakeFiles/cmTC_7eb2d.dir/src.c.o  -o cmTC_7eb2d 
/usr/bin/ld: CMakeFiles/cmTC_7eb2d.dir/src.c.o: in function `main':
src.c:(.text+0x46): undefined reference to `pthread_create'
/usr/bin/ld: src.c:(.text+0x52): undefined reference to `pthread_detach'
/usr/bin/ld: src.c:(.text+0x63): undefined reference to `pthread_join'
collect2: error: ld returned 1 exit status
make[1]: *** [CMakeFiles/cmTC_7eb2d.dir/build.make:87：cmTC_7eb2d] 错误 1
make[1]: 离开目录“/home/huanhuan/SchurVINS-ws/src/eigen-3.3.9/build/CMakeFiles/CMakeTmp”
make: *** [Makefile:121：cmTC_7eb2d/fast] 错误 2


Source file was:
#include <pthread.h>

void* test_func(void* data)
{
  return data;
}

int main(void)
{
  pthread_t thread;
  pthread_create(&thread, NULL, test_func, NULL);
  pthread_detach(thread);
  pthread_join(thread, NULL);
  pthread_atfork(NULL, NULL, NULL);
  pthread_exit(NULL);

  return 0;
}

Determining if the function pthread_create exists in the pthreads failed with the following output:
Change Dir: /home/huanhuan/SchurVINS-ws/src/eigen-3.3.9/build/CMakeFiles/CMakeTmp

Run Build Command(s):/usr/bin/make cmTC_10104/fast && /usr/bin/make -f CMakeFiles/cmTC_10104.dir/build.make CMakeFiles/cmTC_10104.dir/build
make[1]: 进入目录“/home/huanhuan/SchurVINS-ws/src/eigen-3.3.9/build/CMakeFiles/CMakeTmp”
Building C object CMakeFiles/cmTC_10104.dir/CheckFunctionExists.c.o
/usr/bin/cc   -DCHECK_FUNCTION_EXISTS=pthread_create   -o CMakeFiles/cmTC_10104.dir/CheckFunctionExists.c.o   -c /usr/share/cmake-3.16/Modules/CheckFunctionExists.c
Linking C executable cmTC_10104
/usr/bin/cmake -E cmake_link_script CMakeFiles/cmTC_10104.dir/link.txt --verbose=1
/usr/bin/cc  -DCHECK_FUNCTION_EXISTS=pthread_create    -rdynamic CMakeFiles/cmTC_10104.dir/CheckFunctionExists.c.o  -o cmTC_10104  -lpthreads 
/usr/bin/ld: 找不到 -lpthreads
collect2: error: ld returned 1 exit status
make[1]: *** [CMakeFiles/cmTC_10104.dir/build.make:87：cmTC_10104] 错误 1
make[1]: 离开目录“/home/huanhuan/SchurVINS-ws/src/eigen-3.3.9/build/CMakeFiles/CMakeTmp”
make: *** [Makefile:121：cmTC_10104/fast] 错误 2



