Symlinking /home/huanhuan/SchurVINS-ws/devel/lib/librandom_generators.so
Symlinking /home/huanhuan/SchurVINS-ws/devel/lib/libopengv.so
Symlinking /home/huanhuan/SchurVINS-ws/devel/lib/opengv/test_multi_noncentral_relative_pose_sac
Symlinking /home/huanhuan/SchurVINS-ws/devel/lib/opengv/test_eigensolver
Symlinking /home/huanhuan/SchurVINS-ws/devel/lib/opengv/test_point_cloud
Symlinking /home/huanhuan/SchurVINS-ws/devel/lib/opengv/test_noncentral_absolute_pose_sac
Symlinking /home/huanhuan/SchurVINS-ws/devel/lib/opengv/test_absolute_pose
Symlinking /home/huanhuan/SchurVINS-ws/devel/lib/opengv/test_noncentral_absolute_pose
Symlinking /home/huanhuan/SchurVINS-ws/devel/lib/opengv/test_triangulation
Symlinking /home/huanhuan/SchurVINS-ws/devel/lib/opengv/test_point_cloud_sac
Symlinking /home/huanhuan/SchurVINS-ws/devel/lib/opengv/test_noncentral_relative_pose_sac
Symlinking /home/huanhuan/SchurVINS-ws/devel/lib/opengv/test_absolute_pose_sac
Symlinking /home/huanhuan/SchurVINS-ws/devel/lib/opengv/test_noncentral_relative_pose
Symlinking /home/huanhuan/SchurVINS-ws/devel/lib/opengv/test_relative_pose_rotationOnly
Symlinking /home/huanhuan/SchurVINS-ws/devel/lib/opengv/test_relative_pose
Symlinking /home/huanhuan/SchurVINS-ws/devel/lib/opengv/test_eigensolver_sac
Symlinking /home/huanhuan/SchurVINS-ws/devel/lib/opengv/test_relative_pose_sac
Symlinking /home/huanhuan/SchurVINS-ws/devel/lib/opengv/test_relative_pose_rotationOnly_sac
Symlinking /home/huanhuan/SchurVINS-ws/devel/lib/pkgconfig/opengv.pc
Symlinking /home/huanhuan/SchurVINS-ws/devel/share/opengv/cmake/opengvConfig-version.cmake
Symlinking /home/huanhuan/SchurVINS-ws/devel/share/opengv/cmake/opengvConfig.cmake
