[  0%] Built target std_msgs_generate_messages_py
[  0%] Built target roscpp_generate_messages_eus
[  0%] Built target roscpp_generate_messages_nodejs
[  0%] Built target std_msgs_generate_messages_eus
[  0%] Built target rosgraph_msgs_generate_messages_cpp
[  0%] Built target roscpp_generate_messages_cpp
[  0%] Built target rosgraph_msgs_generate_messages_lisp
[  0%] Built target rosgraph_msgs_generate_messages_nodejs
[  0%] Built target roscpp_generate_messages_lisp
[  0%] Built target std_msgs_generate_messages_lisp
[  0%] Built target rosgraph_msgs_generate_messages_eus
[  0%] Built target std_msgs_generate_messages_cpp
[  0%] Built target rosgraph_msgs_generate_messages_py
[  0%] Built target roscpp_generate_messages_py
[  0%] Built target std_msgs_generate_messages_nodejs
[ 67%] Built target opengv
[ 70%] Built target random_generators
[ 72%] Built target test_eigensolver_sac
[ 76%] Built target test_absolute_pose_sac
[ 77%] Built target test_noncentral_absolute_pose_sac
[ 79%] Built target test_relative_pose
[ 76%] Built target test_point_cloud
[ 80%] Built target test_multi_noncentral_relative_pose_sac
[ 84%] Built target test_relative_pose_sac
[ 85%] Built target test_triangulation
[ 87%] Built target test_noncentral_relative_pose_sac
[ 89%] Built target test_relative_pose_rotationOnly_sac
[ 90%] Built target test_relative_pose_rotationOnly
[ 92%] Built target test_noncentral_relative_pose
[ 94%] Built target test_point_cloud_sac
[ 95%] Built target test_eigensolver
[ 97%] Built target test_noncentral_absolute_pose
[100%] Built target test_absolute_pose
