Linked: (/home/huanhuan/SchurVINS-ws/devel/.private/opengv/lib/librandom_generators.so, /home/huanhuan/SchurVINS-ws/devel/lib/librandom_generators.so)
Linked: (/home/huanhuan/SchurVINS-ws/devel/.private/opengv/lib/libopengv.so, /home/huanhuan/SchurVINS-ws/devel/lib/libopengv.so)
Linked: (/home/huanhuan/SchurVINS-ws/devel/.private/opengv/lib/opengv/test_multi_noncentral_relative_pose_sac, /home/huanhuan/SchurVINS-ws/devel/lib/opengv/test_multi_noncentral_relative_pose_sac)
Linked: (/home/huanhuan/SchurVINS-ws/devel/.private/opengv/lib/opengv/test_eigensolver, /home/huanhuan/SchurVINS-ws/devel/lib/opengv/test_eigensolver)
Linked: (/home/huanhuan/SchurVINS-ws/devel/.private/opengv/lib/opengv/test_point_cloud, /home/huanhuan/SchurVINS-ws/devel/lib/opengv/test_point_cloud)
Linked: (/home/huanhuan/SchurVINS-ws/devel/.private/opengv/lib/opengv/test_noncentral_absolute_pose_sac, /home/huanhuan/SchurVINS-ws/devel/lib/opengv/test_noncentral_absolute_pose_sac)
Linked: (/home/huanhuan/SchurVINS-ws/devel/.private/opengv/lib/opengv/test_absolute_pose, /home/huanhuan/SchurVINS-ws/devel/lib/opengv/test_absolute_pose)
Linked: (/home/huanhuan/SchurVINS-ws/devel/.private/opengv/lib/opengv/test_noncentral_absolute_pose, /home/huanhuan/SchurVINS-ws/devel/lib/opengv/test_noncentral_absolute_pose)
Linked: (/home/huanhuan/SchurVINS-ws/devel/.private/opengv/lib/opengv/test_triangulation, /home/huanhuan/SchurVINS-ws/devel/lib/opengv/test_triangulation)
Linked: (/home/huanhuan/SchurVINS-ws/devel/.private/opengv/lib/opengv/test_point_cloud_sac, /home/huanhuan/SchurVINS-ws/devel/lib/opengv/test_point_cloud_sac)
Linked: (/home/huanhuan/SchurVINS-ws/devel/.private/opengv/lib/opengv/test_noncentral_relative_pose_sac, /home/huanhuan/SchurVINS-ws/devel/lib/opengv/test_noncentral_relative_pose_sac)
Linked: (/home/huanhuan/SchurVINS-ws/devel/.private/opengv/lib/opengv/test_absolute_pose_sac, /home/huanhuan/SchurVINS-ws/devel/lib/opengv/test_absolute_pose_sac)
Linked: (/home/huanhuan/SchurVINS-ws/devel/.private/opengv/lib/opengv/test_noncentral_relative_pose, /home/huanhuan/SchurVINS-ws/devel/lib/opengv/test_noncentral_relative_pose)
Linked: (/home/huanhuan/SchurVINS-ws/devel/.private/opengv/lib/opengv/test_relative_pose_rotationOnly, /home/huanhuan/SchurVINS-ws/devel/lib/opengv/test_relative_pose_rotationOnly)
Linked: (/home/huanhuan/SchurVINS-ws/devel/.private/opengv/lib/opengv/test_relative_pose, /home/huanhuan/SchurVINS-ws/devel/lib/opengv/test_relative_pose)
Linked: (/home/huanhuan/SchurVINS-ws/devel/.private/opengv/lib/opengv/test_eigensolver_sac, /home/huanhuan/SchurVINS-ws/devel/lib/opengv/test_eigensolver_sac)
Linked: (/home/huanhuan/SchurVINS-ws/devel/.private/opengv/lib/opengv/test_relative_pose_sac, /home/huanhuan/SchurVINS-ws/devel/lib/opengv/test_relative_pose_sac)
Linked: (/home/huanhuan/SchurVINS-ws/devel/.private/opengv/lib/opengv/test_relative_pose_rotationOnly_sac, /home/huanhuan/SchurVINS-ws/devel/lib/opengv/test_relative_pose_rotationOnly_sac)
Linked: (/home/huanhuan/SchurVINS-ws/devel/.private/opengv/lib/pkgconfig/opengv.pc, /home/huanhuan/SchurVINS-ws/devel/lib/pkgconfig/opengv.pc)
Linked: (/home/huanhuan/SchurVINS-ws/devel/.private/opengv/share/opengv/cmake/opengvConfig-version.cmake, /home/huanhuan/SchurVINS-ws/devel/share/opengv/cmake/opengvConfig-version.cmake)
Linked: (/home/huanhuan/SchurVINS-ws/devel/.private/opengv/share/opengv/cmake/opengvConfig.cmake, /home/huanhuan/SchurVINS-ws/devel/share/opengv/cmake/opengvConfig.cmake)
