Performing C++ SOURCE FILE Test CMAKE_HAVE_LIBC_PTHREAD failed with the following output:
Change Dir: /home/huanhuan/SchurVINS-ws/build/gflags_catkin/gflags_src-prefix/src/gflags_src/CMakeFiles/CMakeTmp

Run Build Command(s):/usr/bin/make cmTC_b60ac/fast && make[3]: 进入目录“/home/huanhuan/SchurVINS-ws/build/gflags_catkin/gflags_src-prefix/src/gflags_src/CMakeFiles/CMakeTmp”
/usr/bin/make -f CMakeFiles/cmTC_b60ac.dir/build.make CMakeFiles/cmTC_b60ac.dir/build
make[4]: 进入目录“/home/huanhuan/SchurVINS-ws/build/gflags_catkin/gflags_src-prefix/src/gflags_src/CMakeFiles/CMakeTmp”
Building CXX object CMakeFiles/cmTC_b60ac.dir/src.cxx.o
/usr/bin/c++    -DCMAKE_HAVE_LIBC_PTHREAD   -o CMakeFiles/cmTC_b60ac.dir/src.cxx.o -c /home/huanhuan/SchurVINS-ws/build/gflags_catkin/gflags_src-prefix/src/gflags_src/CMakeFiles/CMakeTmp/src.cxx
Linking CXX executable cmTC_b60ac
/usr/bin/cmake -E cmake_link_script CMakeFiles/cmTC_b60ac.dir/link.txt --verbose=1
/usr/bin/c++   -DCMAKE_HAVE_LIBC_PTHREAD    -rdynamic CMakeFiles/cmTC_b60ac.dir/src.cxx.o  -o cmTC_b60ac 
/usr/bin/ld: CMakeFiles/cmTC_b60ac.dir/src.cxx.o: in function `main':
src.cxx:(.text+0x46): undefined reference to `pthread_create'
/usr/bin/ld: src.cxx:(.text+0x52): undefined reference to `pthread_detach'
/usr/bin/ld: src.cxx:(.text+0x63): undefined reference to `pthread_join'
collect2: error: ld returned 1 exit status
make[4]: *** [CMakeFiles/cmTC_b60ac.dir/build.make:87：cmTC_b60ac] 错误 1
make[4]: 离开目录“/home/huanhuan/SchurVINS-ws/build/gflags_catkin/gflags_src-prefix/src/gflags_src/CMakeFiles/CMakeTmp”
make[3]: *** [Makefile:121：cmTC_b60ac/fast] 错误 2
make[3]: 离开目录“/home/huanhuan/SchurVINS-ws/build/gflags_catkin/gflags_src-prefix/src/gflags_src/CMakeFiles/CMakeTmp”


Source file was:
#include <pthread.h>

void* test_func(void* data)
{
  return data;
}

int main(void)
{
  pthread_t thread;
  pthread_create(&thread, NULL, test_func, NULL);
  pthread_detach(thread);
  pthread_join(thread, NULL);
  pthread_atfork(NULL, NULL, NULL);
  pthread_exit(NULL);

  return 0;
}

Determining if the function pthread_create exists in the pthreads failed with the following output:
Change Dir: /home/huanhuan/SchurVINS-ws/build/gflags_catkin/gflags_src-prefix/src/gflags_src/CMakeFiles/CMakeTmp

Run Build Command(s):/usr/bin/make cmTC_c7d67/fast && make[3]: 进入目录“/home/huanhuan/SchurVINS-ws/build/gflags_catkin/gflags_src-prefix/src/gflags_src/CMakeFiles/CMakeTmp”
/usr/bin/make -f CMakeFiles/cmTC_c7d67.dir/build.make CMakeFiles/cmTC_c7d67.dir/build
make[4]: 进入目录“/home/huanhuan/SchurVINS-ws/build/gflags_catkin/gflags_src-prefix/src/gflags_src/CMakeFiles/CMakeTmp”
Building CXX object CMakeFiles/cmTC_c7d67.dir/CheckFunctionExists.cxx.o
/usr/bin/c++    -DCHECK_FUNCTION_EXISTS=pthread_create   -o CMakeFiles/cmTC_c7d67.dir/CheckFunctionExists.cxx.o -c /home/huanhuan/SchurVINS-ws/build/gflags_catkin/gflags_src-prefix/src/gflags_src/CMakeFiles/CheckLibraryExists/CheckFunctionExists.cxx
Linking CXX executable cmTC_c7d67
/usr/bin/cmake -E cmake_link_script CMakeFiles/cmTC_c7d67.dir/link.txt --verbose=1
/usr/bin/c++   -DCHECK_FUNCTION_EXISTS=pthread_create    -rdynamic CMakeFiles/cmTC_c7d67.dir/CheckFunctionExists.cxx.o  -o cmTC_c7d67  -lpthreads 
/usr/bin/ld: 找不到 -lpthreads
collect2: error: ld returned 1 exit status
make[4]: *** [CMakeFiles/cmTC_c7d67.dir/build.make:87：cmTC_c7d67] 错误 1
make[4]: 离开目录“/home/huanhuan/SchurVINS-ws/build/gflags_catkin/gflags_src-prefix/src/gflags_src/CMakeFiles/CMakeTmp”
make[3]: *** [Makefile:121：cmTC_c7d67/fast] 错误 2
make[3]: 离开目录“/home/huanhuan/SchurVINS-ws/build/gflags_catkin/gflags_src-prefix/src/gflags_src/CMakeFiles/CMakeTmp”



