[35m[1mScanning dependencies of target tf2_msgs_generate_messages_cpp[0m
[35m[1mScanning dependencies of target visualization_msgs_generate_messages_py[0m
[35m[1mScanning dependencies of target roscpp_generate_messages_eus[0m
[35m[1mScanning dependencies of target std_msgs_generate_messages_nodejs[0m
[35m[1mScanning dependencies of target geometry_msgs_generate_messages_eus[0m
[35m[1mScanning dependencies of target std_msgs_generate_messages_cpp[0m
[35m[1mScanning dependencies of target geometry_msgs_generate_messages_lisp[0m
[35m[1mScanning dependencies of target actionlib_generate_messages_lisp[0m
[35m[1mScanning dependencies of target roscpp_generate_messages_cpp[0m
[35m[1mScanning dependencies of target geometry_msgs_generate_messages_py[0m
[35m[1mScanning dependencies of target tf2_msgs_generate_messages_eus[0m
[35m[1mScanning dependencies of target roscpp_generate_messages_nodejs[0m
[35m[1mScanning dependencies of target tf_generate_messages_cpp[0m
[35m[1mScanning dependencies of target sensor_msgs_generate_messages_py[0m
[  0%] Built target tf2_msgs_generate_messages_cpp
[  0%] Built target roscpp_generate_messages_eus
[  0%] Built target std_msgs_generate_messages_nodejs
[35m[1mScanning dependencies of target roscpp_generate_messages_lisp[0m
[  0%] Built target visualization_msgs_generate_messages_py
[  0%] Built target geometry_msgs_generate_messages_lisp
[  0%] Built target roscpp_generate_messages_nodejs
[  0%] Built target roscpp_generate_messages_cpp
[  0%] Built target actionlib_generate_messages_lisp
[  0%] Built target geometry_msgs_generate_messages_py
[  0%] Built target tf_generate_messages_cpp
[  0%] Built target geometry_msgs_generate_messages_eus
[  0%] Built target tf2_msgs_generate_messages_eus
[  0%] Built target std_msgs_generate_messages_cpp
[  0%] Built target sensor_msgs_generate_messages_py
[35m[1mScanning dependencies of target actionlib_msgs_generate_messages_eus[0m
[35m[1mScanning dependencies of target rosgraph_msgs_generate_messages_py[0m
[  0%] Built target roscpp_generate_messages_lisp
[35m[1mScanning dependencies of target sensor_msgs_generate_messages_nodejs[0m
[35m[1mScanning dependencies of target std_msgs_generate_messages_lisp[0m
[35m[1mScanning dependencies of target tf_generate_messages_eus[0m
[35m[1mScanning dependencies of target rosgraph_msgs_generate_messages_lisp[0m
[35m[1mScanning dependencies of target rosgraph_msgs_generate_messages_eus[0m
[35m[1mScanning dependencies of target visualization_msgs_generate_messages_lisp[0m
[35m[1mScanning dependencies of target tf2_msgs_generate_messages_py[0m
[35m[1mScanning dependencies of target geometry_msgs_generate_messages_nodejs[0m
[35m[1mScanning dependencies of target geometry_msgs_generate_messages_cpp[0m
[35m[1mScanning dependencies of target visualization_msgs_generate_messages_eus[0m
[35m[1mScanning dependencies of target std_msgs_generate_messages_py[0m
[  0%] Built target actionlib_msgs_generate_messages_eus
[35m[1mScanning dependencies of target roscpp_generate_messages_py[0m
[35m[1mScanning dependencies of target sensor_msgs_generate_messages_cpp[0m
[  0%] Built target rosgraph_msgs_generate_messages_py
[  0%] Built target tf_generate_messages_eus
[  0%] Built target rosgraph_msgs_generate_messages_eus
[  0%] Built target rosgraph_msgs_generate_messages_lisp
[  0%] Built target sensor_msgs_generate_messages_nodejs
[  0%] Built target visualization_msgs_generate_messages_lisp
[  0%] Built target geometry_msgs_generate_messages_cpp
[  0%] Built target tf2_msgs_generate_messages_py
[  0%] Built target roscpp_generate_messages_py
[  0%] Built target visualization_msgs_generate_messages_eus
[  0%] Built target std_msgs_generate_messages_py
[  0%] Built target geometry_msgs_generate_messages_nodejs
[35m[1mScanning dependencies of target rosgraph_msgs_generate_messages_nodejs[0m
[35m[1mScanning dependencies of target actionlib_generate_messages_cpp[0m
[35m[1mScanning dependencies of target tf_generate_messages_lisp[0m
[35m[1mScanning dependencies of target actionlib_msgs_generate_messages_py[0m
[35m[1mScanning dependencies of target tf_generate_messages_nodejs[0m
[  0%] Built target sensor_msgs_generate_messages_cpp
[35m[1mScanning dependencies of target actionlib_generate_messages_eus[0m
[35m[1mScanning dependencies of target actionlib_msgs_generate_messages_cpp[0m
[35m[1mScanning dependencies of target rosgraph_msgs_generate_messages_cpp[0m
[  0%] Built target std_msgs_generate_messages_lisp
[  0%] Built target rosgraph_msgs_generate_messages_nodejs
[35m[1mScanning dependencies of target sensor_msgs_generate_messages_eus[0m
[35m[1mScanning dependencies of target sensor_msgs_generate_messages_lisp[0m
[35m[1mScanning dependencies of target visualization_msgs_generate_messages_cpp[0m
[  0%] Built target actionlib_msgs_generate_messages_py
[35m[1mScanning dependencies of target std_msgs_generate_messages_eus[0m
[  0%] Built target actionlib_generate_messages_cpp
[  0%] Built target tf_generate_messages_lisp
[  0%] Built target tf_generate_messages_nodejs
[  0%] Built target actionlib_generate_messages_eus
[35m[1mScanning dependencies of target actionlib_generate_messages_nodejs[0m
[35m[1mScanning dependencies of target actionlib_generate_messages_py[0m
[  0%] Built target actionlib_msgs_generate_messages_cpp
[  0%] Built target rosgraph_msgs_generate_messages_cpp
[35m[1mScanning dependencies of target actionlib_msgs_generate_messages_lisp[0m
[35m[1mScanning dependencies of target tf2_msgs_generate_messages_lisp[0m
[35m[1mScanning dependencies of target tf_generate_messages_py[0m
[35m[1mScanning dependencies of target tf2_msgs_generate_messages_nodejs[0m
[  0%] Built target actionlib_generate_messages_nodejs
[35m[1mScanning dependencies of target visualization_msgs_generate_messages_nodejs[0m
[  0%] Built target sensor_msgs_generate_messages_eus
[  0%] Built target sensor_msgs_generate_messages_lisp
[  0%] Built target actionlib_generate_messages_py
[  0%] Built target visualization_msgs_generate_messages_cpp
[  0%] Built target std_msgs_generate_messages_eus
[35m[1mScanning dependencies of target actionlib_msgs_generate_messages_nodejs[0m
[  0%] Built target tf2_msgs_generate_messages_lisp
[  0%] Built target actionlib_msgs_generate_messages_lisp
[  0%] Built target tf_generate_messages_py
[  0%] Built target tf2_msgs_generate_messages_nodejs
[  0%] Built target visualization_msgs_generate_messages_nodejs
[  0%] Built target actionlib_msgs_generate_messages_nodejs
[35m[1mScanning dependencies of target svo_direct[0m
[ 10%] [32mBuilding CXX object CMakeFiles/svo_direct.dir/src/feature_alignment.cpp.o[0m
[ 10%] [32mBuilding CXX object CMakeFiles/svo_direct.dir/src/patch_warp.cpp.o[0m
[ 15%] [32mBuilding CXX object CMakeFiles/svo_direct.dir/src/feature_detection.cpp.o[0m
[ 21%] [32mBuilding CXX object CMakeFiles/svo_direct.dir/src/feature_detection_utils.cpp.o[0m
[ 26%] [32mBuilding CXX object CMakeFiles/svo_direct.dir/src/matcher.cpp.o[0m
[ 31%] [32mBuilding CXX object CMakeFiles/svo_direct.dir/src/ov_SPextractor.cc.o[0m
[ 36%] [32mBuilding CXX object CMakeFiles/svo_direct.dir/src/ov_SuperPoint.cc.o[0m
[ 47%] [32mBuilding CXX object CMakeFiles/svo_direct.dir/src/depth_filter.cpp.o[0m
[ 47%] [32mBuilding CXX object CMakeFiles/svo_direct.dir/src/depth_estimation.cpp.o[0m
[ 52%] [32mBuilding CXX object CMakeFiles/svo_direct.dir/src/elder_zucker.cpp.o[0m
In file included from [01m[K/home/huanhuan/libtorch/include/c10/core/MemoryFormat.h:5[m[K,
                 from [01m[K/home/huanhuan/libtorch/include/ATen/core/Tensor.h:5[m[K,
                 from [01m[K/home/huanhuan/libtorch/include/ATen/Tensor.h:2[m[K,
                 from [01m[K/home/huanhuan/libtorch/include/ATen/Context.h:4[m[K,
                 from [01m[K/home/huanhuan/libtorch/include/ATen/ATen.h:5[m[K,
                 from [01m[K/home/huanhuan/libtorch/include/torch/csrc/api/include/torch/types.h:3[m[K,
                 from [01m[K/home/huanhuan/libtorch/include/torch/csrc/api/include/torch/data/dataloader_options.h:4[m[K,
                 from [01m[K/home/huanhuan/libtorch/include/torch/csrc/api/include/torch/data/dataloader/base.h:3[m[K,
                 from [01m[K/home/huanhuan/libtorch/include/torch/csrc/api/include/torch/data/dataloader/stateful.h:3[m[K,
                 from [01m[K/home/huanhuan/libtorch/include/torch/csrc/api/include/torch/data/dataloader.h:3[m[K,
                 from [01m[K/home/huanhuan/libtorch/include/torch/csrc/api/include/torch/data.h:3[m[K,
                 from [01m[K/home/huanhuan/libtorch/include/torch/csrc/api/include/torch/all.h:4[m[K,
                 from [01m[K/home/huanhuan/libtorch/include/torch/csrc/api/include/torch/torch.h:3[m[K,
                 from [01m[K/home/huanhuan/SchurVINS-ws/src/SchurVINS/svo_direct/include/svo/direct/ov_SPextractor.h:28[m[K,
                 from [01m[K/home/huanhuan/SchurVINS-ws/src/SchurVINS/svo_direct/src/ov_SPextractor.cc:63[m[K:
/home/huanhuan/libtorch/include/c10/util/ArrayRef.h: In instantiation of ‘[01m[Kconstexpr c10::ArrayRef<T>::ArrayRef(const std::initializer_list<_Tp>&) [with T = long int][m[K’:
[01m[K/home/huanhuan/libtorch/include/c10/core/TensorImpl.h:1456:34:[m[K   required from here
[01m[K/home/huanhuan/libtorch/include/c10/util/ArrayRef.h:103:39:[m[K [01;35m[Kwarning: [m[Kinitializing ‘[01m[Kc10::ArrayRef<long int>::Data[m[K’ from ‘[01m[Kstd::initializer_list<long int>::begin[m[K’ does not extend the lifetime of the underlying array [[01;35m[K-Winit-list-lifetime[m[K]
  103 |       : Data(Vec.begin() == Vec.end() ? static_cast<T*>(nullptr) : Vec.begin()),
/home/huanhuan/libtorch/include/c10/util/ArrayRef.h: In instantiation of ‘[01m[Kconstexpr c10::ArrayRef<T>::ArrayRef(const std::initializer_list<_Tp>&) [with T = unsigned char][m[K’:
[01m[K/home/huanhuan/libtorch/include/ATen/NativeFunctions.h:47:1:[m[K   required from here
[01m[K/home/huanhuan/libtorch/include/c10/util/ArrayRef.h:103:39:[m[K [01;35m[Kwarning: [m[Kinitializing ‘[01m[Kc10::ArrayRef<unsigned char>::Data[m[K’ from ‘[01m[Kstd::initializer_list<unsigned char>::begin[m[K’ does not extend the lifetime of the underlying array [[01;35m[K-Winit-list-lifetime[m[K]
/home/huanhuan/libtorch/include/c10/util/ArrayRef.h: In instantiation of ‘[01m[Kconstexpr c10::ArrayRef<T>::ArrayRef(const std::initializer_list<_Tp>&) [with T = signed char][m[K’:
[01m[K/home/huanhuan/libtorch/include/ATen/NativeFunctions.h:47:1:[m[K   required from here
[01m[K/home/huanhuan/libtorch/include/c10/util/ArrayRef.h:103:39:[m[K [01;35m[Kwarning: [m[Kinitializing ‘[01m[Kc10::ArrayRef<signed char>::Data[m[K’ from ‘[01m[Kstd::initializer_list<signed char>::begin[m[K’ does not extend the lifetime of the underlying array [[01;35m[K-Winit-list-lifetime[m[K]
/home/huanhuan/libtorch/include/c10/util/ArrayRef.h: In instantiation of ‘[01m[Kconstexpr c10::ArrayRef<T>::ArrayRef(const std::initializer_list<_Tp>&) [with T = short int][m[K’:
[01m[K/home/huanhuan/libtorch/include/ATen/NativeFunctions.h:47:1:[m[K   required from here
[01m[K/home/huanhuan/libtorch/include/c10/util/ArrayRef.h:103:39:[m[K [01;35m[Kwarning: [m[Kinitializing ‘[01m[Kc10::ArrayRef<short int>::Data[m[K’ from ‘[01m[Kstd::initializer_list<short int>::begin[m[K’ does not extend the lifetime of the underlying array [[01;35m[K-Winit-list-lifetime[m[K]
/home/huanhuan/libtorch/include/c10/util/ArrayRef.h: In instantiation of ‘[01m[Kconstexpr c10::ArrayRef<T>::ArrayRef(const std::initializer_list<_Tp>&) [with T = int][m[K’:
[01m[K/home/huanhuan/libtorch/include/ATen/NativeFunctions.h:47:1:[m[K   required from here
[01m[K/home/huanhuan/libtorch/include/c10/util/ArrayRef.h:103:39:[m[K [01;35m[Kwarning: [m[Kinitializing ‘[01m[Kc10::ArrayRef<int>::Data[m[K’ from ‘[01m[Kstd::initializer_list<int>::begin[m[K’ does not extend the lifetime of the underlying array [[01;35m[K-Winit-list-lifetime[m[K]
/home/huanhuan/libtorch/include/c10/util/ArrayRef.h: In instantiation of ‘[01m[Kconstexpr c10::ArrayRef<T>::ArrayRef(const std::initializer_list<_Tp>&) [with T = float][m[K’:
[01m[K/home/huanhuan/libtorch/include/ATen/NativeFunctions.h:47:1:[m[K   required from here
[01m[K/home/huanhuan/libtorch/include/c10/util/ArrayRef.h:103:39:[m[K [01;35m[Kwarning: [m[Kinitializing ‘[01m[Kc10::ArrayRef<float>::Data[m[K’ from ‘[01m[Kstd::initializer_list<float>::begin[m[K’ does not extend the lifetime of the underlying array [[01;35m[K-Winit-list-lifetime[m[K]
/home/huanhuan/libtorch/include/c10/util/ArrayRef.h: In instantiation of ‘[01m[Kconstexpr c10::ArrayRef<T>::ArrayRef(const std::initializer_list<_Tp>&) [with T = double][m[K’:
[01m[K/home/huanhuan/libtorch/include/ATen/NativeFunctions.h:47:1:[m[K   required from here
[01m[K/home/huanhuan/libtorch/include/c10/util/ArrayRef.h:103:39:[m[K [01;35m[Kwarning: [m[Kinitializing ‘[01m[Kc10::ArrayRef<double>::Data[m[K’ from ‘[01m[Kstd::initializer_list<double>::begin[m[K’ does not extend the lifetime of the underlying array [[01;35m[K-Winit-list-lifetime[m[K]
In file included from [01m[K/home/huanhuan/libtorch/include/c10/core/MemoryFormat.h:5[m[K,
                 from [01m[K/home/huanhuan/libtorch/include/ATen/core/Tensor.h:5[m[K,
                 from [01m[K/home/huanhuan/libtorch/include/ATen/Tensor.h:2[m[K,
                 from [01m[K/home/huanhuan/libtorch/include/ATen/Context.h:4[m[K,
                 from [01m[K/home/huanhuan/libtorch/include/ATen/ATen.h:5[m[K,
                 from [01m[K/home/huanhuan/libtorch/include/torch/csrc/api/include/torch/types.h:3[m[K,
                 from [01m[K/home/huanhuan/libtorch/include/torch/csrc/api/include/torch/data/dataloader_options.h:4[m[K,
                 from [01m[K/home/huanhuan/libtorch/include/torch/csrc/api/include/torch/data/dataloader/base.h:3[m[K,
                 from [01m[K/home/huanhuan/libtorch/include/torch/csrc/api/include/torch/data/dataloader/stateful.h:3[m[K,
                 from [01m[K/home/huanhuan/libtorch/include/torch/csrc/api/include/torch/data/dataloader.h:3[m[K,
                 from [01m[K/home/huanhuan/libtorch/include/torch/csrc/api/include/torch/data.h:3[m[K,
                 from [01m[K/home/huanhuan/libtorch/include/torch/csrc/api/include/torch/all.h:4[m[K,
                 from [01m[K/home/huanhuan/libtorch/include/torch/csrc/api/include/torch/torch.h:3[m[K,
                 from [01m[K/home/huanhuan/SchurVINS-ws/src/SchurVINS/svo_direct/include/svo/direct/ov_SuperPoint.h:5[m[K,
                 from [01m[K/home/huanhuan/SchurVINS-ws/src/SchurVINS/svo_direct/src/ov_SuperPoint.cc:1[m[K:
/home/huanhuan/libtorch/include/c10/util/ArrayRef.h: In instantiation of ‘[01m[Kconstexpr c10::ArrayRef<T>::ArrayRef(const std::initializer_list<_Tp>&) [with T = long int][m[K’:
[01m[K/home/huanhuan/libtorch/include/c10/core/TensorImpl.h:1456:34:[m[K   required from here
[01m[K/home/huanhuan/libtorch/include/c10/util/ArrayRef.h:103:39:[m[K [01;35m[Kwarning: [m[Kinitializing ‘[01m[Kc10::ArrayRef<long int>::Data[m[K’ from ‘[01m[Kstd::initializer_list<long int>::begin[m[K’ does not extend the lifetime of the underlying array [[01;35m[K-Winit-list-lifetime[m[K]
  103 |       : Data(Vec.begin() == Vec.end() ? static_cast<T*>(nullptr) : Vec.begin()),
/home/huanhuan/libtorch/include/c10/util/ArrayRef.h: In instantiation of ‘[01m[Kconstexpr c10::ArrayRef<T>::ArrayRef(const std::initializer_list<_Tp>&) [with T = unsigned char][m[K’:
[01m[K/home/huanhuan/libtorch/include/ATen/NativeFunctions.h:47:1:[m[K   required from here
[01m[K/home/huanhuan/libtorch/include/c10/util/ArrayRef.h:103:39:[m[K [01;35m[Kwarning: [m[Kinitializing ‘[01m[Kc10::ArrayRef<unsigned char>::Data[m[K’ from ‘[01m[Kstd::initializer_list<unsigned char>::begin[m[K’ does not extend the lifetime of the underlying array [[01;35m[K-Winit-list-lifetime[m[K]
/home/huanhuan/libtorch/include/c10/util/ArrayRef.h: In instantiation of ‘[01m[Kconstexpr c10::ArrayRef<T>::ArrayRef(const std::initializer_list<_Tp>&) [with T = signed char][m[K’:
[01m[K/home/huanhuan/libtorch/include/ATen/NativeFunctions.h:47:1:[m[K   required from here
[01m[K/home/huanhuan/libtorch/include/c10/util/ArrayRef.h:103:39:[m[K [01;35m[Kwarning: [m[Kinitializing ‘[01m[Kc10::ArrayRef<signed char>::Data[m[K’ from ‘[01m[Kstd::initializer_list<signed char>::begin[m[K’ does not extend the lifetime of the underlying array [[01;35m[K-Winit-list-lifetime[m[K]
/home/huanhuan/libtorch/include/c10/util/ArrayRef.h: In instantiation of ‘[01m[Kconstexpr c10::ArrayRef<T>::ArrayRef(const std::initializer_list<_Tp>&) [with T = short int][m[K’:
[01m[K/home/huanhuan/libtorch/include/ATen/NativeFunctions.h:47:1:[m[K   required from here
[01m[K/home/huanhuan/libtorch/include/c10/util/ArrayRef.h:103:39:[m[K [01;35m[Kwarning: [m[Kinitializing ‘[01m[Kc10::ArrayRef<short int>::Data[m[K’ from ‘[01m[Kstd::initializer_list<short int>::begin[m[K’ does not extend the lifetime of the underlying array [[01;35m[K-Winit-list-lifetime[m[K]
/home/huanhuan/libtorch/include/c10/util/ArrayRef.h: In instantiation of ‘[01m[Kconstexpr c10::ArrayRef<T>::ArrayRef(const std::initializer_list<_Tp>&) [with T = int][m[K’:
[01m[K/home/huanhuan/libtorch/include/ATen/NativeFunctions.h:47:1:[m[K   required from here
[01m[K/home/huanhuan/libtorch/include/c10/util/ArrayRef.h:103:39:[m[K [01;35m[Kwarning: [m[Kinitializing ‘[01m[Kc10::ArrayRef<int>::Data[m[K’ from ‘[01m[Kstd::initializer_list<int>::begin[m[K’ does not extend the lifetime of the underlying array [[01;35m[K-Winit-list-lifetime[m[K]
/home/huanhuan/libtorch/include/c10/util/ArrayRef.h: In instantiation of ‘[01m[Kconstexpr c10::ArrayRef<T>::ArrayRef(const std::initializer_list<_Tp>&) [with T = float][m[K’:
[01m[K/home/huanhuan/libtorch/include/ATen/NativeFunctions.h:47:1:[m[K   required from here
[01m[K/home/huanhuan/libtorch/include/c10/util/ArrayRef.h:103:39:[m[K [01;35m[Kwarning: [m[Kinitializing ‘[01m[Kc10::ArrayRef<float>::Data[m[K’ from ‘[01m[Kstd::initializer_list<float>::begin[m[K’ does not extend the lifetime of the underlying array [[01;35m[K-Winit-list-lifetime[m[K]
/home/huanhuan/libtorch/include/c10/util/ArrayRef.h: In instantiation of ‘[01m[Kconstexpr c10::ArrayRef<T>::ArrayRef(const std::initializer_list<_Tp>&) [with T = double][m[K’:
[01m[K/home/huanhuan/libtorch/include/ATen/NativeFunctions.h:47:1:[m[K   required from here
[01m[K/home/huanhuan/libtorch/include/c10/util/ArrayRef.h:103:39:[m[K [01;35m[Kwarning: [m[Kinitializing ‘[01m[Kc10::ArrayRef<double>::Data[m[K’ from ‘[01m[Kstd::initializer_list<double>::begin[m[K’ does not extend the lifetime of the underlying array [[01;35m[K-Winit-list-lifetime[m[K]
In file included from [01m[K/home/huanhuan/libtorch/include/c10/core/MemoryFormat.h:5[m[K,
                 from [01m[K/home/huanhuan/libtorch/include/ATen/core/Tensor.h:5[m[K,
                 from [01m[K/home/huanhuan/libtorch/include/ATen/Tensor.h:2[m[K,
                 from [01m[K/home/huanhuan/libtorch/include/ATen/Context.h:4[m[K,
                 from [01m[K/home/huanhuan/libtorch/include/ATen/ATen.h:5[m[K,
                 from [01m[K/home/huanhuan/libtorch/include/torch/csrc/api/include/torch/types.h:3[m[K,
                 from [01m[K/home/huanhuan/libtorch/include/torch/csrc/api/include/torch/data/dataloader_options.h:4[m[K,
                 from [01m[K/home/huanhuan/libtorch/include/torch/csrc/api/include/torch/data/dataloader/base.h:3[m[K,
                 from [01m[K/home/huanhuan/libtorch/include/torch/csrc/api/include/torch/data/dataloader/stateful.h:3[m[K,
                 from [01m[K/home/huanhuan/libtorch/include/torch/csrc/api/include/torch/data/dataloader.h:3[m[K,
                 from [01m[K/home/huanhuan/libtorch/include/torch/csrc/api/include/torch/data.h:3[m[K,
                 from [01m[K/home/huanhuan/libtorch/include/torch/csrc/api/include/torch/all.h:4[m[K,
                 from [01m[K/home/huanhuan/libtorch/include/torch/csrc/api/include/torch/torch.h:3[m[K,
                 from [01m[K/home/huanhuan/SchurVINS-ws/src/SchurVINS/svo_direct/include/svo/direct/ov_SPextractor.h:28[m[K,
                 from [01m[K/home/huanhuan/SchurVINS-ws/src/SchurVINS/svo_direct/src/feature_detection.cpp:21[m[K:
/home/huanhuan/libtorch/include/c10/util/ArrayRef.h: In instantiation of ‘[01m[Kconstexpr c10::ArrayRef<T>::ArrayRef(const std::initializer_list<_Tp>&) [with T = long int][m[K’:
[01m[K/home/huanhuan/libtorch/include/c10/core/TensorImpl.h:1456:34:[m[K   required from here
[01m[K/home/huanhuan/libtorch/include/c10/util/ArrayRef.h:103:39:[m[K [01;35m[Kwarning: [m[Kinitializing ‘[01m[Kc10::ArrayRef<long int>::Data[m[K’ from ‘[01m[Kstd::initializer_list<long int>::begin[m[K’ does not extend the lifetime of the underlying array [[01;35m[K-Winit-list-lifetime[m[K]
  103 |       : Data(Vec.begin() == Vec.end() ? static_cast<T*>(nullptr) : Vec.begin()),
/home/huanhuan/libtorch/include/c10/util/ArrayRef.h: In instantiation of ‘[01m[Kconstexpr c10::ArrayRef<T>::ArrayRef(const std::initializer_list<_Tp>&) [with T = unsigned char][m[K’:
[01m[K/home/huanhuan/libtorch/include/ATen/NativeFunctions.h:47:1:[m[K   required from here
[01m[K/home/huanhuan/libtorch/include/c10/util/ArrayRef.h:103:39:[m[K [01;35m[Kwarning: [m[Kinitializing ‘[01m[Kc10::ArrayRef<unsigned char>::Data[m[K’ from ‘[01m[Kstd::initializer_list<unsigned char>::begin[m[K’ does not extend the lifetime of the underlying array [[01;35m[K-Winit-list-lifetime[m[K]
/home/huanhuan/libtorch/include/c10/util/ArrayRef.h: In instantiation of ‘[01m[Kconstexpr c10::ArrayRef<T>::ArrayRef(const std::initializer_list<_Tp>&) [with T = signed char][m[K’:
[01m[K/home/huanhuan/libtorch/include/ATen/NativeFunctions.h:47:1:[m[K   required from here
[01m[K/home/huanhuan/libtorch/include/c10/util/ArrayRef.h:103:39:[m[K [01;35m[Kwarning: [m[Kinitializing ‘[01m[Kc10::ArrayRef<signed char>::Data[m[K’ from ‘[01m[Kstd::initializer_list<signed char>::begin[m[K’ does not extend the lifetime of the underlying array [[01;35m[K-Winit-list-lifetime[m[K]
/home/huanhuan/libtorch/include/c10/util/ArrayRef.h: In instantiation of ‘[01m[Kconstexpr c10::ArrayRef<T>::ArrayRef(const std::initializer_list<_Tp>&) [with T = short int][m[K’:
[01m[K/home/huanhuan/libtorch/include/ATen/NativeFunctions.h:47:1:[m[K   required from here
[01m[K/home/huanhuan/libtorch/include/c10/util/ArrayRef.h:103:39:[m[K [01;35m[Kwarning: [m[Kinitializing ‘[01m[Kc10::ArrayRef<short int>::Data[m[K’ from ‘[01m[Kstd::initializer_list<short int>::begin[m[K’ does not extend the lifetime of the underlying array [[01;35m[K-Winit-list-lifetime[m[K]
/home/huanhuan/libtorch/include/c10/util/ArrayRef.h: In instantiation of ‘[01m[Kconstexpr c10::ArrayRef<T>::ArrayRef(const std::initializer_list<_Tp>&) [with T = int][m[K’:
[01m[K/home/huanhuan/libtorch/include/ATen/NativeFunctions.h:47:1:[m[K   required from here
[01m[K/home/huanhuan/libtorch/include/c10/util/ArrayRef.h:103:39:[m[K [01;35m[Kwarning: [m[Kinitializing ‘[01m[Kc10::ArrayRef<int>::Data[m[K’ from ‘[01m[Kstd::initializer_list<int>::begin[m[K’ does not extend the lifetime of the underlying array [[01;35m[K-Winit-list-lifetime[m[K]
/home/huanhuan/libtorch/include/c10/util/ArrayRef.h: In instantiation of ‘[01m[Kconstexpr c10::ArrayRef<T>::ArrayRef(const std::initializer_list<_Tp>&) [with T = float][m[K’:
[01m[K/home/huanhuan/libtorch/include/ATen/NativeFunctions.h:47:1:[m[K   required from here
[01m[K/home/huanhuan/libtorch/include/c10/util/ArrayRef.h:103:39:[m[K [01;35m[Kwarning: [m[Kinitializing ‘[01m[Kc10::ArrayRef<float>::Data[m[K’ from ‘[01m[Kstd::initializer_list<float>::begin[m[K’ does not extend the lifetime of the underlying array [[01;35m[K-Winit-list-lifetime[m[K]
/home/huanhuan/libtorch/include/c10/util/ArrayRef.h: In instantiation of ‘[01m[Kconstexpr c10::ArrayRef<T>::ArrayRef(const std::initializer_list<_Tp>&) [with T = double][m[K’:
[01m[K/home/huanhuan/libtorch/include/ATen/NativeFunctions.h:47:1:[m[K   required from here
[01m[K/home/huanhuan/libtorch/include/c10/util/ArrayRef.h:103:39:[m[K [01;35m[Kwarning: [m[Kinitializing ‘[01m[Kc10::ArrayRef<double>::Data[m[K’ from ‘[01m[Kstd::initializer_list<double>::begin[m[K’ does not extend the lifetime of the underlying array [[01;35m[K-Winit-list-lifetime[m[K]
[ 57%] [32m[1mLinking CXX shared library /home/huanhuan/SchurVINS-ws/devel/.private/svo_direct/lib/libsvo_direct.so[0m
[ 57%] Built target svo_direct
[35m[1mScanning dependencies of target svo_test_feature_alignment[0m
[35m[1mScanning dependencies of target svo_test_edgelet_extraction[0m
[35m[1mScanning dependencies of target svo_test_edgelet_direction[0m
[35m[1mScanning dependencies of target svo_test_patch_score[0m
[ 63%] [32mBuilding CXX object CMakeFiles/svo_test_patch_score.dir/test/test_patch_score.cpp.o[0m
[ 78%] [32mBuilding CXX object CMakeFiles/svo_test_edgelet_extraction.dir/test/test_edgelet_extraction.cpp.o[0m
[ 78%] [32mBuilding CXX object CMakeFiles/svo_test_feature_alignment.dir/test/test_feature_alignment.cpp.o[0m
[ 78%] [32mBuilding CXX object CMakeFiles/svo_test_edgelet_direction.dir/test/test_edgelet_direction.cpp.o[0m
[ 84%] [32m[1mLinking CXX executable /home/huanhuan/SchurVINS-ws/devel/.private/svo_direct/lib/svo_direct/svo_test_patch_score[0m
[ 84%] Built target svo_test_patch_score
[ 89%] [32m[1mLinking CXX executable /home/huanhuan/SchurVINS-ws/devel/.private/svo_direct/lib/svo_direct/svo_test_edgelet_direction[0m
[ 94%] [32m[1mLinking CXX executable /home/huanhuan/SchurVINS-ws/devel/.private/svo_direct/lib/svo_direct/svo_test_feature_alignment[0m
[100%] [32m[1mLinking CXX executable /home/huanhuan/SchurVINS-ws/devel/.private/svo_direct/lib/svo_direct/svo_test_edgelet_extraction[0m
[100%] Built target svo_test_edgelet_direction
[100%] Built target svo_test_feature_alignment
[100%] Built target svo_test_edgelet_extraction
