Determining if the function sgemm_ exists failed with the following output:
Change Dir: /home/huanhuan/SchurVINS-ws/build/ceres_catkin/ceres_src-prefix/src/ceres_src-build/CMakeFiles/CMakeTmp

Run Build Command(s):/usr/bin/make cmTC_850bd/fast && make[3]: 进入目录“/home/huanhuan/SchurVINS-ws/build/ceres_catkin/ceres_src-prefix/src/ceres_src-build/CMakeFiles/CMakeTmp”
/usr/bin/make -f CMakeFiles/cmTC_850bd.dir/build.make CMakeFiles/cmTC_850bd.dir/build
make[4]: 进入目录“/home/huanhuan/SchurVINS-ws/build/ceres_catkin/ceres_src-prefix/src/ceres_src-build/CMakeFiles/CMakeTmp”
Building C object CMakeFiles/cmTC_850bd.dir/CheckFunctionExists.c.o
/usr/bin/cc   -DCHECK_FUNCTION_EXISTS=sgemm_   -o CMakeFiles/cmTC_850bd.dir/CheckFunctionExists.c.o   -c /usr/share/cmake-3.16/Modules/CheckFunctionExists.c
Linking C executable cmTC_850bd
/usr/bin/cmake -E cmake_link_script CMakeFiles/cmTC_850bd.dir/link.txt --verbose=1
/usr/bin/cc  -DCHECK_FUNCTION_EXISTS=sgemm_    -rdynamic CMakeFiles/cmTC_850bd.dir/CheckFunctionExists.c.o  -o cmTC_850bd 
/usr/bin/ld: CMakeFiles/cmTC_850bd.dir/CheckFunctionExists.c.o: in function `main':
CheckFunctionExists.c:(.text+0x14): undefined reference to `sgemm_'
collect2: error: ld returned 1 exit status
make[4]: *** [CMakeFiles/cmTC_850bd.dir/build.make:87：cmTC_850bd] 错误 1
make[4]: 离开目录“/home/huanhuan/SchurVINS-ws/build/ceres_catkin/ceres_src-prefix/src/ceres_src-build/CMakeFiles/CMakeTmp”
make[3]: *** [Makefile:121：cmTC_850bd/fast] 错误 2
make[3]: 离开目录“/home/huanhuan/SchurVINS-ws/build/ceres_catkin/ceres_src-prefix/src/ceres_src-build/CMakeFiles/CMakeTmp”



Performing C SOURCE FILE Test CMAKE_HAVE_LIBC_PTHREAD failed with the following output:
Change Dir: /home/huanhuan/SchurVINS-ws/build/ceres_catkin/ceres_src-prefix/src/ceres_src-build/CMakeFiles/CMakeTmp

Run Build Command(s):/usr/bin/make cmTC_17aea/fast && make[3]: 进入目录“/home/huanhuan/SchurVINS-ws/build/ceres_catkin/ceres_src-prefix/src/ceres_src-build/CMakeFiles/CMakeTmp”
/usr/bin/make -f CMakeFiles/cmTC_17aea.dir/build.make CMakeFiles/cmTC_17aea.dir/build
make[4]: 进入目录“/home/huanhuan/SchurVINS-ws/build/ceres_catkin/ceres_src-prefix/src/ceres_src-build/CMakeFiles/CMakeTmp”
Building C object CMakeFiles/cmTC_17aea.dir/src.c.o
/usr/bin/cc   -DCMAKE_HAVE_LIBC_PTHREAD   -o CMakeFiles/cmTC_17aea.dir/src.c.o   -c /home/huanhuan/SchurVINS-ws/build/ceres_catkin/ceres_src-prefix/src/ceres_src-build/CMakeFiles/CMakeTmp/src.c
Linking C executable cmTC_17aea
/usr/bin/cmake -E cmake_link_script CMakeFiles/cmTC_17aea.dir/link.txt --verbose=1
/usr/bin/cc  -DCMAKE_HAVE_LIBC_PTHREAD    -rdynamic CMakeFiles/cmTC_17aea.dir/src.c.o  -o cmTC_17aea 
/usr/bin/ld: CMakeFiles/cmTC_17aea.dir/src.c.o: in function `main':
src.c:(.text+0x46): undefined reference to `pthread_create'
/usr/bin/ld: src.c:(.text+0x52): undefined reference to `pthread_detach'
/usr/bin/ld: src.c:(.text+0x63): undefined reference to `pthread_join'
collect2: error: ld returned 1 exit status
make[4]: *** [CMakeFiles/cmTC_17aea.dir/build.make:87：cmTC_17aea] 错误 1
make[4]: 离开目录“/home/huanhuan/SchurVINS-ws/build/ceres_catkin/ceres_src-prefix/src/ceres_src-build/CMakeFiles/CMakeTmp”
make[3]: *** [Makefile:121：cmTC_17aea/fast] 错误 2
make[3]: 离开目录“/home/huanhuan/SchurVINS-ws/build/ceres_catkin/ceres_src-prefix/src/ceres_src-build/CMakeFiles/CMakeTmp”


Source file was:
#include <pthread.h>

void* test_func(void* data)
{
  return data;
}

int main(void)
{
  pthread_t thread;
  pthread_create(&thread, NULL, test_func, NULL);
  pthread_detach(thread);
  pthread_join(thread, NULL);
  pthread_atfork(NULL, NULL, NULL);
  pthread_exit(NULL);

  return 0;
}

Determining if the function pthread_create exists in the pthreads failed with the following output:
Change Dir: /home/huanhuan/SchurVINS-ws/build/ceres_catkin/ceres_src-prefix/src/ceres_src-build/CMakeFiles/CMakeTmp

Run Build Command(s):/usr/bin/make cmTC_da343/fast && make[3]: 进入目录“/home/huanhuan/SchurVINS-ws/build/ceres_catkin/ceres_src-prefix/src/ceres_src-build/CMakeFiles/CMakeTmp”
/usr/bin/make -f CMakeFiles/cmTC_da343.dir/build.make CMakeFiles/cmTC_da343.dir/build
make[4]: 进入目录“/home/huanhuan/SchurVINS-ws/build/ceres_catkin/ceres_src-prefix/src/ceres_src-build/CMakeFiles/CMakeTmp”
Building C object CMakeFiles/cmTC_da343.dir/CheckFunctionExists.c.o
/usr/bin/cc   -DCHECK_FUNCTION_EXISTS=pthread_create   -o CMakeFiles/cmTC_da343.dir/CheckFunctionExists.c.o   -c /usr/share/cmake-3.16/Modules/CheckFunctionExists.c
Linking C executable cmTC_da343
/usr/bin/cmake -E cmake_link_script CMakeFiles/cmTC_da343.dir/link.txt --verbose=1
/usr/bin/cc  -DCHECK_FUNCTION_EXISTS=pthread_create    -rdynamic CMakeFiles/cmTC_da343.dir/CheckFunctionExists.c.o  -o cmTC_da343  -lpthreads 
/usr/bin/ld: 找不到 -lpthreads
collect2: error: ld returned 1 exit status
make[4]: *** [CMakeFiles/cmTC_da343.dir/build.make:87：cmTC_da343] 错误 1
make[4]: 离开目录“/home/huanhuan/SchurVINS-ws/build/ceres_catkin/ceres_src-prefix/src/ceres_src-build/CMakeFiles/CMakeTmp”
make[3]: *** [Makefile:121：cmTC_da343/fast] 错误 2
make[3]: 离开目录“/home/huanhuan/SchurVINS-ws/build/ceres_catkin/ceres_src-prefix/src/ceres_src-build/CMakeFiles/CMakeTmp”



